<?xml version="1.0" encoding="UTF-8"?>
<!-- Generated by org.testng.reporters.JUnitReportReporter -->
<testsuite skipped="0" hostname="Sparsh-Shrivastava" name="Dealership.Masterdata" tests="1" failures="0" timestamp="2022-02-23T13:44:43 IST" time="79.494" errors="0">
  <testcase name="AddCustomer" time="79.494" classname="Dealership.Masterdata"/>
  <system-out>
    <![CDATA[Status of execution : 1
Test case AddCustomer passes successfully

]]>
  </system-out>
</testsuite> <!-- Dealership.Masterdata -->
