<?xml version="1.0" encoding="UTF-8"?>
<!-- Generated by org.testng.reporters.JUnitReportReporter -->
<testsuite skipped="0" hostname="Sparsh-Shrivastava" name="Dealership.Schedule" tests="1" failures="0" timestamp="2022-02-04T17:47:05 IST" time="207.203" errors="0">
  <testcase name="MoveAppointment" time="207.203" classname="Dealership.Schedule"/>
  <system-out>
    <![CDATA[Status of execution : 1
Test case MoveAppointment passes successfully

]]>
  </system-out>
</testsuite> <!-- Dealership.Schedule -->
