<?xml version="1.0" encoding="UTF-8"?>
<!-- Generated by org.testng.reporters.JUnitReportReporter -->
<testsuite skipped="0" hostname="Sparsh-Shrivastava" name="Dealership.Masterdata" tests="7" failures="0" timestamp="2021-12-14T13:07:47 IST" time="606.243" errors="0">
  <testcase name="AddCustomer" time="98.043" classname="Dealership.Masterdata"/>
  <system-out>
    <![CDATA[Status of execution : 1
Test case AddCustomer passes successfully]]>
  </system-out>
  <testcase name="AddVendor" time="78.428" classname="Dealership.Masterdata"/>
  <system-out>
    <![CDATA[Status of execution : 1
Test case AddVendor passes successfully]]>
  </system-out>
  <testcase name="AddPart" time="94.405" classname="Dealership.Masterdata"/>
  <system-out>
    <![CDATA[Status of execution : 1
Test case AddPart passes successfully]]>
  </system-out>
  <testcase name="AddLabor" time="58.754" classname="Dealership.Masterdata"/>
  <system-out>
    <![CDATA[Status of execution : 1
Test case AddLabor passes successfully]]>
  </system-out>
  <testcase name="AddKit" time="89.059" classname="Dealership.Masterdata"/>
  <system-out>
    <![CDATA[Status of execution : 1
Test case AddKit passes successfully]]>
  </system-out>
  <testcase name="AddFee" time="85.909" classname="Dealership.Masterdata"/>
  <system-out>
    <![CDATA[Status of execution : 1
Test case AddFee passes successfully]]>
  </system-out>
  <testcase name="AddUnit" time="101.645" classname="Dealership.Masterdata"/>
  <system-out>
    <![CDATA[Status of execution : 1
Test case AddUnit passes successfully]]>
  </system-out>
</testsuite> <!-- Dealership.Masterdata -->
