<?xml version="1.0" encoding="UTF-8"?>
<!-- Generated by org.testng.reporters.JUnitReportReporter -->
<testsuite skipped="0" hostname="Sparsh-Shrivastava" name="Dealership.SystemSettings" tests="1" failures="0" timestamp="2022-03-15T16:02:14 IST" time="194.218" errors="0">
  <testcase name="Textmessagetemplates" time="194.218" classname="Dealership.SystemSettings"/>
  <system-out>
    <![CDATA[Status of execution : 1
Test case Textmessagetemplates passes successfully

]]>
  </system-out>
</testsuite> <!-- Dealership.SystemSettings -->
