<?xml version="1.0" encoding="UTF-8"?>
<!-- Generated by org.testng.reporters.JUnitReportReporter -->
<testsuite skipped="0" hostname="Sparsh-Shrivastava" name="Dealership.CustomerOrder" tests="1" failures="0" timestamp="2022-02-23T15:07:00 IST" time="470.306" errors="0">
  <testcase name="Servicejob" time="470.306" classname="Dealership.CustomerOrder"/>
  <system-out>
    <![CDATA[Status of execution : 1
Test case Servicejob passes successfully

]]>
  </system-out>
</testsuite> <!-- Dealership.CustomerOrder -->
