<?xml version="1.0" encoding="UTF-8"?>
<!-- Generated by org.testng.reporters.JUnitReportReporter -->
<testsuite skipped="0" hostname="Sparsh-Shrivastava" name="Dealership.AusOnTaxClass1" tests="3" failures="0" timestamp="2022-04-08T14:09:21 IST" time="559.865" errors="0">
  <testcase name="CashSaleTax" time="229.948" classname="Dealership.AusOnTaxClass1"/>
  <system-out>
    <![CDATA[Status of execution : 1
Test case CashSaleTax passes successfully

]]>
  </system-out>
  <testcase name="MerchandiseTax" time="222.695" classname="Dealership.AusOnTaxClass1"/>
  <system-out>
    <![CDATA[Status of execution : 1
Test case MerchandiseTax passes successfully

]]>
  </system-out>
  <testcase name="SalePrice" time="107.222" classname="Dealership.AusOnTaxClass1"/>
  <system-out>
    <![CDATA[Status of execution : 1
Test case SalePrice passes successfully

]]>
  </system-out>
</testsuite> <!-- Dealership.AusOnTaxClass1 -->
