<?xml version="1.0" encoding="UTF-8"?>
<!-- Generated by org.testng.reporters.JUnitReportReporter -->
<testsuite skipped="0" hostname="Sparsh-Shrivastava" name="Dealership.AusOnTaxClass1" tests="1" failures="0" timestamp="2022-04-04T10:48:50 IST" time="114.442" errors="0">
  <testcase name="SalePrice" time="114.442" classname="Dealership.AusOnTaxClass1"/>
  <system-out>
    <![CDATA[Status of execution : 1
Test case SalePrice passes successfully

]]>
  </system-out>
</testsuite> <!-- Dealership.AusOnTaxClass1 -->
