<?xml version="1.0" encoding="UTF-8"?>
<!-- Generated by org.testng.reporters.JUnitReportReporter -->
<testsuite skipped="0" hostname="Sparsh-Shrivastava" name="Dealership.DeleteCustomerOnCO" tests="1" failures="0" timestamp="2022-01-29T20:23:10 IST" time="162.414" errors="0">
  <testcase name="DeleteWhenTradeinUnit" time="162.414" classname="Dealership.DeleteCustomerOnCO"/>
  <system-out>
    <![CDATA[Status of execution : 1
Test case DeleteWhenTradeinUnit passes successfully

]]>
  </system-out>
</testsuite> <!-- Dealership.DeleteCustomerOnCO -->
