<?xml version="1.0" encoding="UTF-8"?>
<!-- Generated by org.testng.reporters.JUnitReportReporter -->
<testsuite skipped="0" hostname="Sparsh-Shrivastava" name="Dealership.AusOnTaxClass3" tests="1" failures="0" timestamp="2022-04-11T10:38:29 IST" time="352.582" errors="0">
  <testcase name="UnitDealTax" time="352.582" classname="Dealership.AusOnTaxClass3"/>
  <system-out>
    <![CDATA[Status of execution : 1
Test case UnitDealTax passes successfully

]]>
  </system-out>
</testsuite> <!-- Dealership.AusOnTaxClass3 -->
