<?xml version="1.0" encoding="UTF-8"?>
<!-- Generated by org.testng.reporters.JUnitReportReporter -->
<testsuite skipped="0" hostname="Sparsh-Shrivastava" name="Dealership.Sell" tests="1" failures="0" timestamp="2022-01-03T22:07:16 IST" time="285.520" errors="0">
  <testcase name="UnitDeal" time="285.520" classname="Dealership.Sell"/>
  <system-out>
    <![CDATA[Status of execution : 1
Test case UnitDeal passes successfully]]>
  </system-out>
</testsuite> <!-- Dealership.Sell -->
