<?xml version="1.0" encoding="UTF-8"?>
<!-- Generated by org.testng.reporters.JUnitReportReporter -->
<testsuite skipped="0" hostname="Sparsh-Shrivastava" name="Dealership.SystemSettings" tests="1" failures="0" timestamp="2022-03-21T10:51:58 IST" time="233.932" errors="0">
  <testcase name="Userpermissions" time="233.932" classname="Dealership.SystemSettings"/>
  <system-out>
    <![CDATA[Status of execution : 1
Test case Userpermissions passes successfully

]]>
  </system-out>
</testsuite> <!-- Dealership.SystemSettings -->
