<?xml version="1.0" encoding="UTF-8"?>
<!-- Generated by org.testng.reporters.JUnitReportReporter -->
<testsuite skipped="0" hostname="Sparsh-Shrivastava" name="Dealership.SystemSettings" tests="1" failures="0" timestamp="2022-02-25T15:19:34 IST" time="295.954" errors="0">
  <testcase name="LinkedformforVP" time="295.954" classname="Dealership.SystemSettings"/>
  <system-out>
    <![CDATA[Status of execution : 1
Test case LinkedformforVP passes successfully

]]>
  </system-out>
</testsuite> <!-- Dealership.SystemSettings -->
