<?xml version="1.0" encoding="UTF-8"?>
<!-- Generated by org.testng.reporters.JUnitReportReporter -->
<testsuite skipped="0" hostname="Sparsh-Shrivastava" name="Dealership.AusOnTaxClass4" tests="1" failures="0" timestamp="2022-04-11T16:24:02 IST" time="147.304" errors="0">
  <testcase name="ChangeandDeleteCustomerTax" time="147.304" classname="Dealership.AusOnTaxClass4"/>
  <system-out>
    <![CDATA[Status of execution : 1
Test case ChangeandDeleteCustomerTax passes successfully

]]>
  </system-out>
</testsuite> <!-- Dealership.AusOnTaxClass4 -->
