<?xml version="1.0" encoding="UTF-8"?>
<!-- Generated by org.testng.reporters.JUnitReportReporter -->
<testsuite skipped="0" hostname="Sparsh-Shrivastava" name="Dealership.SystemSettings" tests="1" failures="0" timestamp="2022-02-23T12:15:29 IST" time="133.777" errors="0">
  <testcase name="LinkedfeeforMarchendise" time="133.777" classname="Dealership.SystemSettings"/>
  <system-out>
    <![CDATA[Status of execution : 1
Test case LinkedfeeforMarchendise passes successfully

]]>
  </system-out>
</testsuite> <!-- Dealership.SystemSettings -->
