<?xml version="1.0" encoding="UTF-8"?>
<!-- Generated by org.testng.reporters.JUnitReportReporter -->
<testsuite skipped="0" hostname="Sparsh-Shrivastava" name="Dealership.POM" tests="1" failures="0" timestamp="2022-03-09T11:26:59 IST" time="46.231" errors="0">
  <testcase name="Login" time="46.231" classname="Dealership.POM"/>
  <system-out/>
</testsuite> <!-- Dealership.POM -->
