<?xml version="1.0" encoding="UTF-8"?>
<!-- Generated by org.testng.reporters.JUnitReportReporter -->
<testsuite skipped="0" hostname="Sparsh-Shrivastava" name="Dealership.Order" tests="1" failures="0" timestamp="2022-01-21T20:20:54 IST" time="175.466" errors="0">
  <testcase name="SingleUnitOrder" time="175.466" classname="Dealership.Order"/>
  <system-out>
    <![CDATA[Status of execution : 1
Test case SingleUnitOrder passes successfully]]>
  </system-out>
</testsuite> <!-- Dealership.Order -->
