<?xml version="1.0" encoding="UTF-8"?>
<!-- Generated by org.testng.reporters.JUnitReportReporter -->
<testsuite skipped="0" hostname="Sparsh-Shrivastava" name="Dealership.Masterdata" tests="1" failures="0" timestamp="2022-03-28T12:50:26 IST" time="117.301" errors="0">
  <testcase name="AddUnit" time="117.301" classname="Dealership.Masterdata"/>
  <system-out>
    <![CDATA[Status of execution : 1
Test case AddUnit passes successfully

]]>
  </system-out>
</testsuite> <!-- Dealership.Masterdata -->
