<?xml version="1.0" encoding="UTF-8"?>
<!-- Generated by org.testng.reporters.JUnitReportReporter -->
<testsuite skipped="0" hostname="Sparsh-Shrivastava" name="Dealership.Order" tests="1" failures="0" timestamp="2022-01-28T14:11:47 IST" time="136.405" errors="0">
  <testcase name="Oversold" time="136.405" classname="Dealership.Order"/>
  <system-out>
    <![CDATA[Status of execution : 1
Test case Oversold passes successfully

]]>
  </system-out>
</testsuite> <!-- Dealership.Order -->
