<?xml version="1.0" encoding="UTF-8"?>
<!-- Generated by org.testng.reporters.JUnitReportReporter -->
<testsuite skipped="0" hostname="Sparsh-Shrivastava" name="Dealership.AusOnTaxClass1" tests="1" failures="0" timestamp="2022-03-31T18:38:48 IST" time="199.252" errors="0">
  <testcase name="CashSaleTax" time="199.252" classname="Dealership.AusOnTaxClass1"/>
  <system-out>
    <![CDATA[Status of execution : 1
Test case CashSaleTax passes successfully

]]>
  </system-out>
</testsuite> <!-- Dealership.AusOnTaxClass1 -->
