<?xml version="1.0" encoding="UTF-8"?>
<!-- Generated by org.testng.reporters.JUnitReportReporter -->
<testsuite skipped="0" hostname="Sparsh-Shrivastava" name="Dealership.Sell" tests="1" failures="0" timestamp="2022-01-05T16:43:46 IST" time="202.433" errors="0">
  <testcase name="CashSale" time="202.433" classname="Dealership.Sell"/>
  <system-out>
    <![CDATA[Status of execution : 1
Test case CashSale passes successfully]]>
  </system-out>
</testsuite> <!-- Dealership.Sell -->
