<?xml version="1.0" encoding="UTF-8"?>
<!-- Generated by org.testng.reporters.JUnitReportReporter -->
<testsuite skipped="0" hostname="Sparsh-Shrivastava" name="Dealership.POM" tests="1" failures="0" timestamp="2022-01-18T15:07:08 IST" time="0.010" errors="0">
  <testcase name="Todaydate" time="0.010" classname="Dealership.POM"/>
  <system-out/>
</testsuite> <!-- Dealership.POM -->
