<?xml version="1.0" encoding="UTF-8"?>
<!-- Generated by org.testng.reporters.JUnitReportReporter -->
<testsuite skipped="0" hostname="Sparsh-Shrivastava" name="Dealership.Workspace" tests="1" failures="0" timestamp="2021-12-10T19:01:34 IST" time="162.369" errors="0">
  <testcase name="Customer_Orders" time="162.369" classname="Dealership.Workspace"/>
  <system-out>
    <![CDATA[Status of execution : 1]]>
  </system-out>
</testsuite> <!-- Dealership.Workspace -->
