<?xml version="1.0" encoding="UTF-8"?>
<!-- Generated by org.testng.reporters.JUnitReportReporter -->
<testsuite skipped="0" hostname="Sparsh-Shrivastava" name="Dealership.Schedule" tests="1" failures="0" timestamp="2022-02-07T19:53:32 IST" time="208.755" errors="0">
  <testcase name="DealserviceAppointment" time="208.755" classname="Dealership.Schedule"/>
  <system-out>
    <![CDATA[Status of execution : 1
Test case DealserviceAppointment passes successfully

]]>
  </system-out>
</testsuite> <!-- Dealership.Schedule -->
