<?xml version="1.0" encoding="UTF-8"?>
<!-- Generated by org.testng.reporters.JUnitReportReporter -->
<testsuite skipped="0" hostname="Sparsh-Shrivastava" name="Dealership.SystemSettings" tests="1" failures="0" timestamp="2022-03-10T16:24:09 IST" time="177.123" errors="0">
  <testcase name="SellingTaxmanagement" time="177.123" classname="Dealership.SystemSettings"/>
  <system-out>
    <![CDATA[Status of execution : 1
Test case SellingTaxmanagement passes successfully

]]>
  </system-out>
</testsuite> <!-- Dealership.SystemSettings -->
