<?xml version="1.0" encoding="UTF-8"?>
<!-- Generated by org.testng.reporters.JUnitReportReporter -->
<testsuite skipped="0" hostname="Sparsh-Shrivastava" name="Dealership.Workspace" tests="5" failures="0" timestamp="2021-12-14T13:07:47 IST" time="600.928" errors="0">
  <testcase name="StoreSummary" time="128.218" classname="Dealership.Workspace"/>
  <system-out>
    <![CDATA[Status of execution : 1
Test case StoreSummary passes successfully]]>
  </system-out>
  <testcase name="ServiceJobs" time="181.610" classname="Dealership.Workspace"/>
  <system-out>
    <![CDATA[Status of execution : 1
Test case ServiceJobs passes successfully]]>
  </system-out>
  <testcase name="Vendor_Orders" time="129.747" classname="Dealership.Workspace"/>
  <system-out>
    <![CDATA[Status of execution : 1
Test case Vendor_Orders passes successfully]]>
  </system-out>
  <testcase name="Customer_Orders" time="117.301" classname="Dealership.Workspace"/>
  <system-out>
    <![CDATA[Status of execution : 1
Test case Customer_Orders passes successfully]]>
  </system-out>
  <testcase name="Activity_Feed" time="44.052" classname="Dealership.Workspace"/>
  <system-out>
    <![CDATA[Status of execution : 1
Test case Activity_Feed passes successfully]]>
  </system-out>
</testsuite> <!-- Dealership.Workspace -->
