<?xml version="1.0" encoding="UTF-8"?>
<!-- Generated by org.testng.reporters.JUnitReportReporter -->
<testsuite skipped="0" hostname="Sparsh-Shrivastava" name="Dealership.Order" tests="1" failures="0" timestamp="2022-01-31T17:06:11 IST" time="155.561" errors="0">
  <testcase name="PartReturntoVendor" time="155.561" classname="Dealership.Order"/>
  <system-out>
    <![CDATA[Status of execution : 1
Test case PartReturntoVendor passes successfully

]]>
  </system-out>
</testsuite> <!-- Dealership.Order -->
