<?xml version="1.0" encoding="UTF-8"?>
<!-- Generated by org.testng.reporters.JUnitReportReporter -->
<testsuite skipped="0" hostname="Sparsh-Shrivastava" name="Dealership.Masterdata" tests="1" failures="0" timestamp="2022-02-15T15:31:17 IST" time="99.259" errors="0">
  <testcase name="AddLabor" time="99.259" classname="Dealership.Masterdata"/>
  <system-out>
    <![CDATA[Status of execution : 1
Test case AddLabor passes successfully

]]>
  </system-out>
</testsuite> <!-- Dealership.Masterdata -->
