<?xml version="1.0" encoding="UTF-8"?>
<!-- Generated by org.testng.reporters.JUnitReportReporter -->
<testsuite skipped="0" hostname="Sparsh-Shrivastava" name="Dealership.Masterdata" tests="7" failures="0" timestamp="2021-12-08T16:12:28 IST" time="635.682" errors="0">
  <testcase name="AddCustomer" time="100.604" classname="Dealership.Masterdata"/>
  <system-out>
    <![CDATA[Status of execution : 1]]>
  </system-out>
  <testcase name="AddVendor" time="68.582" classname="Dealership.Masterdata"/>
  <system-out>
    <![CDATA[Status of execution : 1]]>
  </system-out>
  <testcase name="AddPart" time="111.249" classname="Dealership.Masterdata"/>
  <system-out>
    <![CDATA[Status of execution : 1]]>
  </system-out>
  <testcase name="AddLabor" time="73.388" classname="Dealership.Masterdata"/>
  <system-out>
    <![CDATA[Status of execution : 1]]>
  </system-out>
  <testcase name="AddKit" time="95.253" classname="Dealership.Masterdata"/>
  <system-out>
    <![CDATA[Status of execution : 1]]>
  </system-out>
  <testcase name="AddFee" time="85.632" classname="Dealership.Masterdata"/>
  <system-out>
    <![CDATA[Status of execution : 1]]>
  </system-out>
  <testcase name="AddUnit" time="100.974" classname="Dealership.Masterdata"/>
  <system-out>
    <![CDATA[Status of execution : 1]]>
  </system-out>
</testsuite> <!-- Dealership.Masterdata -->
