<?xml version="1.0" encoding="UTF-8"?>
<!-- Generated by org.testng.reporters.JUnitReportReporter -->
<testsuite skipped="0" hostname="Sparsh-Shrivastava" name="Dealership.Sell" tests="1" failures="0" timestamp="2021-12-30T18:11:50 IST" time="447.786" errors="0">
  <testcase name="servicejob" time="447.786" classname="Dealership.Sell"/>
  <system-out>
    <![CDATA[Status of execution : 1
Test case servicejob passes successfully]]>
  </system-out>
</testsuite> <!-- Dealership.Sell -->
